<?xml version="1.0" encoding="UTF-8"?>
<testsuite name="org.example.MapImplementationTest" tests="5" skipped="0" failures="0" errors="0" timestamp="2022-12-27T14:41:30" hostname="DESKTOP-UB2EF7Q" time="0.016">
  <properties/>
  <testcase name="GlobeSouthPoleTest()" classname="org.example.MapImplementationTest" time="0.012"/>
  <testcase name="HellsPortalTest()" classname="org.example.MapImplementationTest" time="0.001"/>
  <testcase name="GlobeLoopingTest1()" classname="org.example.MapImplementationTest" time="0.0"/>
  <testcase name="GlobeLoopingTest2()" classname="org.example.MapImplementationTest" time="0.0"/>
  <testcase name="GlobeNorthPoleTest()" classname="org.example.MapImplementationTest" time="0.001"/>
  <system-out><![CDATA[]]></system-out>
  <system-err><![CDATA[]]></system-err>
</testsuite>
