<?xml version="1.0" encoding="UTF-8"?>
<testsuite name="org.example.SimulationEngineTest" tests="1" skipped="0" failures="0" errors="0" timestamp="2022-12-27T11:39:48" hostname="W541" time="0.021">
  <properties/>
  <testcase name="test1()" classname="org.example.SimulationEngineTest" time="0.021"/>
  <system-out><![CDATA[]]></system-out>
  <system-err><![CDATA[]]></system-err>
</testsuite>
